# JRE version: OpenJDK Runtime Environment (11.0.10) (build 11.0.10+0-b96-7249189)
# Java VM: OpenJDK 64-Bit Server VM (11.0.10+0-b96-7249189, mixed mode, tiered, compressed oops, g1 gc, linux-amd64)
Heap:
 garbage-first heap   total 262144K, used 199471K [0x0000000080000000, 0x0000000100000000)
  region size 1024K, 23 young (23552K), 3 survivors (3072K)
 Metaspace       used 152728K, capacity 157953K, committed 158720K, reserved 1185792K
  class space    used 19210K, capacity 21139K, committed 21760K, reserved 1048576K
GC Heap History (20 events):
Event: 1696.064 GC heap before
{Heap before GC invocations=152 (full 0):
 garbage-first heap   total 262144K, used 190002K [0x0000000080000000, 0x0000000100000000)
  region size 1024K, 30 young (30720K), 3 survivors (3072K)
 Metaspace       used 147234K, capacity 152009K, committed 154368K, reserved 1181696K
  class space    used 18600K, capacity 20394K, committed 21760K, reserved 1048576K
}
Event: 1696.079 GC heap after
{Heap after GC invocations=153 (full 0):
 garbage-first heap   total 262144K, used 169618K [0x0000000080000000, 0x0000000100000000)
  region size 1024K, 5 young (5120K), 5 survivors (5120K)
 Metaspace       used 147234K, capacity 152009K, committed 154368K, reserved 1181696K
  class space    used 18600K, capacity 20394K, committed 21760K, reserved 1048576K
}
Event: 1887.813 GC heap before
{Heap before GC invocations=154 (full 0):
 garbage-first heap   total 262144K, used 204434K [0x0000000080000000, 0x0000000100000000)
  region size 1024K, 38 young (38912K), 5 survivors (5120K)
 Metaspace       used 148137K, capacity 153012K, committed 154368K, reserved 1181696K
  class space    used 18740K, capacity 20556K, committed 21760K, reserved 1048576K
}
Event: 1887.823 GC heap after
{Heap after GC invocations=155 (full 0):
 garbage-first heap   total 262144K, used 169554K [0x0000000080000000, 0x0000000100000000)
  region size 1024K, 3 young (3072K), 3 survivors (3072K)
 Metaspace       used 148137K, capacity 153012K, committed 154368K, reserved 1181696K
  class space    used 18740K, capacity 20556K, committed 21760K, reserved 1048576K
}
Event: 1888.145 GC heap before
{Heap before GC invocations=155 (full 0):
 garbage-first heap   total 262144K, used 204370K [0x0000000080000000, 0x0000000100000000)
  region size 1024K, 38 young (38912K), 3 survivors (3072K)
 Metaspace       used 148355K, capacity 153296K, committed 154624K, reserved 1181696K
  class space    used 18762K, capacity 20597K, committed 21760K, reserved 1048576K
}
Event: 1888.159 GC heap after
{Heap after GC invocations=156 (full 0):
 garbage-first heap   total 262144K, used 173755K [0x0000000080000000, 0x0000000100000000)
  region size 1024K, 5 young (5120K), 5 survivors (5120K)
 Metaspace       used 148355K, capacity 153296K, committed 154624K, reserved 1181696K
  class space    used 18762K, capacity 20597K, committed 21760K, reserved 1048576K
}
Event: 1890.313 GC heap before
{Heap before GC invocations=157 (full 0):
 garbage-first heap   total 262144K, used 210619K [0x0000000080000000, 0x0000000100000000)
  region size 1024K, 40 young (40960K), 5 survivors (5120K)
 Metaspace       used 148307K, capacity 153273K, committed 154880K, reserved 1181696K
  class space    used 18742K, capacity 20583K, committed 21760K, reserved 1048576K
}
Event: 1890.348 GC heap after
{Heap after GC invocations=158 (full 0):
 garbage-first heap   total 262144K, used 179105K [0x0000000080000000, 0x0000000100000000)
  region size 1024K, 5 young (5120K), 5 survivors (5120K)
 Metaspace       used 148307K, capacity 153273K, committed 154880K, reserved 1181696K
  class space    used 18742K, capacity 20583K, committed 21760K, reserved 1048576K
}
Event: 1890.523 GC heap before
{Heap before GC invocations=158 (full 0):
 garbage-first heap   total 262144K, used 186273K [0x0000000080000000, 0x0000000100000000)
  region size 1024K, 12 young (12288K), 5 survivors (5120K)
 Metaspace       used 148307K, capacity 153273K, committed 154880K, reserved 1181696K
  class space    used 18742K, capacity 20583K, committed 21760K, reserved 1048576K
}
Event: 1890.581 GC heap after
{Heap after GC invocations=159 (full 0):
 garbage-first heap   total 262144K, used 164700K [0x0000000080000000, 0x0000000100000000)
  region size 1024K, 2 young (2048K), 2 survivors (2048K)
 Metaspace       used 148307K, capacity 153273K, committed 154880K, reserved 1181696K
  class space    used 18742K, capacity 20583K, committed 21760K, reserved 1048576K
}
Event: 1890.782 GC heap before
{Heap before GC invocations=159 (full 0):
 garbage-first heap   total 262144K, used 183132K [0x0000000080000000, 0x0000000100000000)
  region size 1024K, 22 young (22528K), 2 survivors (2048K)
 Metaspace       used 148322K, capacity 153281K, committed 154880K, reserved 1181696K
  class space    used 18742K, capacity 20584K, committed 21760K, reserved 1048576K
}
Event: 1890.793 GC heap after
{Heap after GC invocations=160 (full 0):
 garbage-first heap   total 262144K, used 166748K [0x0000000080000000, 0x0000000100000000)
  region size 1024K, 4 young (4096K), 4 survivors (4096K)
 Metaspace       used 148322K, capacity 153281K, committed 154880K, reserved 1181696K
  class space    used 18742K, capacity 20584K, committed 21760K, reserved 1048576K
}
Event: 1891.107 GC heap before
{Heap before GC invocations=160 (full 0):
 garbage-first heap   total 262144K, used 206684K [0x0000000080000000, 0x0000000100000000)
  region size 1024K, 38 young (38912K), 4 survivors (4096K)
 Metaspace       used 145338K, capacity 150133K, committed 155648K, reserved 1183744K
  class space    used 18316K, capacity 20109K, committed 21760K, reserved 1048576K
}
Event: 1891.139 GC heap after
{Heap after GC invocations=161 (full 0):
 garbage-first heap   total 262144K, used 174532K [0x0000000080000000, 0x0000000100000000)
  region size 1024K, 5 young (5120K), 5 survivors (5120K)
 Metaspace       used 145338K, capacity 150133K, committed 155648K, reserved 1183744K
  class space    used 18316K, capacity 20109K, committed 21760K, reserved 1048576K
}
Event: 1891.674 GC heap before
{Heap before GC invocations=162 (full 0):
 garbage-first heap   total 262144K, used 208324K [0x0000000080000000, 0x0000000100000000)
  region size 1024K, 36 young (36864K), 5 survivors (5120K)
 Metaspace       used 149539K, capacity 154503K, committed 156160K, reserved 1183744K
  class space    used 18733K, capacity 20565K, committed 21760K, reserved 1048576K
}
Event: 1891.694 GC heap after
{Heap after GC invocations=163 (full 0):
 garbage-first heap   total 262144K, used 182008K [0x0000000080000000, 0x0000000100000000)
  region size 1024K, 5 young (5120K), 5 survivors (5120K)
 Metaspace       used 149539K, capacity 154503K, committed 156160K, reserved 1183744K
  class space    used 18733K, capacity 20565K, committed 21760K, reserved 1048576K
}
Event: 1891.773 GC heap before
{Heap before GC invocations=163 (full 0):
 garbage-first heap   total 262144K, used 188152K [0x0000000080000000, 0x0000000100000000)
  region size 1024K, 12 young (12288K), 5 survivors (5120K)
 Metaspace       used 151067K, capacity 156035K, committed 157440K, reserved 1185792K
  class space    used 18938K, capacity 20777K, committed 21760K, reserved 1048576K
}
Event: 1891.783 GC heap after
{Heap after GC invocations=164 (full 0):
 garbage-first heap   total 262144K, used 180677K [0x0000000080000000, 0x0000000100000000)
  region size 1024K, 1 young (1024K), 1 survivors (1024K)
 Metaspace       used 151067K, capacity 156035K, committed 157440K, reserved 1185792K
  class space    used 18938K, capacity 20777K, committed 21760K, reserved 1048576K
}
Event: 1965.958 GC heap before
{Heap before GC invocations=164 (full 0):
 garbage-first heap   total 262144K, used 211397K [0x0000000080000000, 0x0000000100000000)
  region size 1024K, 31 young (31744K), 1 survivors (1024K)
 Metaspace       used 152567K, capacity 157764K, committed 158464K, reserved 1185792K
  class space    used 19187K, capacity 21097K, committed 21760K, reserved 1048576K
}
Event: 1965.971 GC heap after
{Heap after GC invocations=165 (full 0):
 garbage-first heap   total 262144K, used 181039K [0x0000000080000000, 0x0000000100000000)
  region size 1024K, 3 young (3072K), 3 survivors (3072K)
 Metaspace       used 152567K, capacity 157764K, committed 158464K, reserved 1185792K
  class space    used 19187K, capacity 21097K, committed 21760K, reserved 1048576K
}

